The system is: Linux - 3.10.0-1062.9.1.el7.x86_64 - x86_64
Compiling the CXX compiler identification source file "CMakeCXXCompilerId.cpp" succeeded.
Compiler: /opt/rh/devtoolset-7/root/usr/bin/c++ 
Build flags: 
Id flags:  

The output was:
0


Compilation of the CXX compiler identification source "CMakeCXXCompilerId.cpp" produced "a.out"

The CXX compiler identification is GNU, found in "/home/jrefsgaard/workspace/rmat/build/CMakeFiles/3.16.0-rc3/CompilerIdCXX/a.out"

Determining if the CXX compiler works passed with the following output:
Change Dir: /home/jrefsgaard/workspace/rmat/build/CMakeFiles/CMakeTmp

Run Build Command(s):/opt/rh/devtoolset-7/root/usr/bin/gmake cmTC_b7757/fast && /opt/rh/devtoolset-7/root/usr/bin/gmake -f CMakeFiles/cmTC_b7757.dir/build.make CMakeFiles/cmTC_b7757.dir/build
gmake[1]: Entering directory '/home/jrefsgaard/workspace/rmat/build/CMakeFiles/CMakeTmp'
Building CXX object CMakeFiles/cmTC_b7757.dir/testCXXCompiler.cxx.o
/opt/rh/devtoolset-7/root/usr/bin/c++     -o CMakeFiles/cmTC_b7757.dir/testCXXCompiler.cxx.o -c /home/jrefsgaard/workspace/rmat/build/CMakeFiles/CMakeTmp/testCXXCompiler.cxx
Linking CXX executable cmTC_b7757
/home/jrefsgaard/myroot/usr/local/bin/cmake -E cmake_link_script CMakeFiles/cmTC_b7757.dir/link.txt --verbose=1
/opt/rh/devtoolset-7/root/usr/bin/c++       CMakeFiles/cmTC_b7757.dir/testCXXCompiler.cxx.o  -o cmTC_b7757 
gmake[1]: Leaving directory '/home/jrefsgaard/workspace/rmat/build/CMakeFiles/CMakeTmp'



Detecting CXX compiler ABI info compiled with the following output:
Change Dir: /home/jrefsgaard/workspace/rmat/build/CMakeFiles/CMakeTmp

Run Build Command(s):/opt/rh/devtoolset-7/root/usr/bin/gmake cmTC_aadeb/fast && /opt/rh/devtoolset-7/root/usr/bin/gmake -f CMakeFiles/cmTC_aadeb.dir/build.make CMakeFiles/cmTC_aadeb.dir/build
gmake[1]: Entering directory '/home/jrefsgaard/workspace/rmat/build/CMakeFiles/CMakeTmp'
Building CXX object CMakeFiles/cmTC_aadeb.dir/CMakeCXXCompilerABI.cpp.o
/opt/rh/devtoolset-7/root/usr/bin/c++    -v -o CMakeFiles/cmTC_aadeb.dir/CMakeCXXCompilerABI.cpp.o -c /home/jrefsgaard/myroot/usr/local/share/cmake-3.16/Modules/CMakeCXXCompilerABI.cpp
Using built-in specs.
COLLECT_GCC=/opt/rh/devtoolset-7/root/usr/bin/c++
Target: x86_64-redhat-linux
Configured with: ../configure --enable-bootstrap --enable-languages=c,c++,fortran,lto --prefix=/opt/rh/devtoolset-7/root/usr --mandir=/opt/rh/devtoolset-7/root/usr/share/man --infodir=/opt/rh/devtoolset-7/root/usr/share/info --with-bugurl=http://bugzilla.redhat.com/bugzilla --enable-shared --enable-threads=posix --enable-checking=release --enable-multilib --with-system-zlib --enable-__cxa_atexit --disable-libunwind-exceptions --enable-gnu-unique-object --enable-linker-build-id --with-gcc-major-version-only --enable-plugin --with-linker-hash-style=gnu --enable-initfini-array --with-default-libstdcxx-abi=gcc4-compatible --with-isl=/builddir/build/BUILD/gcc-7.3.1-20180303/obj-x86_64-redhat-linux/isl-install --enable-libmpx --enable-gnu-indirect-function --with-tune=generic --with-arch_32=i686 --build=x86_64-redhat-linux
Thread model: posix
gcc version 7.3.1 20180303 (Red Hat 7.3.1-5) (GCC) 
COLLECT_GCC_OPTIONS='-v' '-o' 'CMakeFiles/cmTC_aadeb.dir/CMakeCXXCompilerABI.cpp.o' '-c' '-shared-libgcc' '-mtune=generic' '-march=x86-64'
 /opt/rh/devtoolset-7/root/usr/libexec/gcc/x86_64-redhat-linux/7/cc1plus -quiet -v -D_GNU_SOURCE /home/jrefsgaard/myroot/usr/local/share/cmake-3.16/Modules/CMakeCXXCompilerABI.cpp -quiet -dumpbase CMakeCXXCompilerABI.cpp -mtune=generic -march=x86-64 -auxbase-strip CMakeFiles/cmTC_aadeb.dir/CMakeCXXCompilerABI.cpp.o -version -o /tmp/cc0cFQJe.s
GNU C++14 (GCC) version 7.3.1 20180303 (Red Hat 7.3.1-5) (x86_64-redhat-linux)
	compiled by GNU C version 7.3.1 20180303 (Red Hat 7.3.1-5), GMP version 6.0.0, MPFR version 3.1.1, MPC version 1.0.1, isl version isl-0.16.1-GMP

GGC heuristics: --param ggc-min-expand=100 --param ggc-min-heapsize=131072
ignoring nonexistent directory "/opt/rh/devtoolset-7/root/usr/lib/gcc/x86_64-redhat-linux/7/include-fixed"
ignoring nonexistent directory "/opt/rh/devtoolset-7/root/usr/lib/gcc/x86_64-redhat-linux/7/../../../../x86_64-redhat-linux/include"
#include "..." search starts here:
#include <...> search starts here:
 /opt/rh/devtoolset-7/root/usr/lib/gcc/x86_64-redhat-linux/7/../../../../include/c++/7
 /opt/rh/devtoolset-7/root/usr/lib/gcc/x86_64-redhat-linux/7/../../../../include/c++/7/x86_64-redhat-linux
 /opt/rh/devtoolset-7/root/usr/lib/gcc/x86_64-redhat-linux/7/../../../../include/c++/7/backward
 /opt/rh/devtoolset-7/root/usr/lib/gcc/x86_64-redhat-linux/7/include
 /usr/local/include
 /opt/rh/devtoolset-7/root/usr/include
 /usr/include
End of search list.
GNU C++14 (GCC) version 7.3.1 20180303 (Red Hat 7.3.1-5) (x86_64-redhat-linux)
	compiled by GNU C version 7.3.1 20180303 (Red Hat 7.3.1-5), GMP version 6.0.0, MPFR version 3.1.1, MPC version 1.0.1, isl version isl-0.16.1-GMP

GGC heuristics: --param ggc-min-expand=100 --param ggc-min-heapsize=131072
Compiler executable checksum: 2f06f4cd9d92155a269283acf1f10eb6
COLLECT_GCC_OPTIONS='-v' '-o' 'CMakeFiles/cmTC_aadeb.dir/CMakeCXXCompilerABI.cpp.o' '-c' '-shared-libgcc' '-mtune=generic' '-march=x86-64'
 /opt/rh/devtoolset-7/root/usr/libexec/gcc/x86_64-redhat-linux/7/as -v --64 -o CMakeFiles/cmTC_aadeb.dir/CMakeCXXCompilerABI.cpp.o /tmp/cc0cFQJe.s
GNU assembler version 2.28 (x86_64-redhat-linux) using BFD version version 2.28-11.el7
COMPILER_PATH=/opt/rh/devtoolset-7/root/usr/libexec/gcc/x86_64-redhat-linux/7/:/opt/rh/devtoolset-7/root/usr/libexec/gcc/x86_64-redhat-linux/7/:/opt/rh/devtoolset-7/root/usr/libexec/gcc/x86_64-redhat-linux/:/opt/rh/devtoolset-7/root/usr/lib/gcc/x86_64-redhat-linux/7/:/opt/rh/devtoolset-7/root/usr/lib/gcc/x86_64-redhat-linux/
LIBRARY_PATH=/opt/rh/devtoolset-7/root/usr/lib/gcc/x86_64-redhat-linux/7/:/opt/rh/devtoolset-7/root/usr/lib/gcc/x86_64-redhat-linux/7/../../../../lib64/:/lib/../lib64/:/usr/lib/../lib64/:/opt/rh/devtoolset-7/root/usr/lib/gcc/x86_64-redhat-linux/7/../../../:/lib/:/usr/lib/
COLLECT_GCC_OPTIONS='-v' '-o' 'CMakeFiles/cmTC_aadeb.dir/CMakeCXXCompilerABI.cpp.o' '-c' '-shared-libgcc' '-mtune=generic' '-march=x86-64'
Linking CXX executable cmTC_aadeb
/home/jrefsgaard/myroot/usr/local/bin/cmake -E cmake_link_script CMakeFiles/cmTC_aadeb.dir/link.txt --verbose=1
/opt/rh/devtoolset-7/root/usr/bin/c++      -v CMakeFiles/cmTC_aadeb.dir/CMakeCXXCompilerABI.cpp.o  -o cmTC_aadeb 
Using built-in specs.
COLLECT_GCC=/opt/rh/devtoolset-7/root/usr/bin/c++
COLLECT_LTO_WRAPPER=/opt/rh/devtoolset-7/root/usr/libexec/gcc/x86_64-redhat-linux/7/lto-wrapper
Target: x86_64-redhat-linux
Configured with: ../configure --enable-bootstrap --enable-languages=c,c++,fortran,lto --prefix=/opt/rh/devtoolset-7/root/usr --mandir=/opt/rh/devtoolset-7/root/usr/share/man --infodir=/opt/rh/devtoolset-7/root/usr/share/info --with-bugurl=http://bugzilla.redhat.com/bugzilla --enable-shared --enable-threads=posix --enable-checking=release --enable-multilib --with-system-zlib --enable-__cxa_atexit --disable-libunwind-exceptions --enable-gnu-unique-object --enable-linker-build-id --with-gcc-major-version-only --enable-plugin --with-linker-hash-style=gnu --enable-initfini-array --with-default-libstdcxx-abi=gcc4-compatible --with-isl=/builddir/build/BUILD/gcc-7.3.1-20180303/obj-x86_64-redhat-linux/isl-install --enable-libmpx --enable-gnu-indirect-function --with-tune=generic --with-arch_32=i686 --build=x86_64-redhat-linux
Thread model: posix
gcc version 7.3.1 20180303 (Red Hat 7.3.1-5) (GCC) 
COMPILER_PATH=/opt/rh/devtoolset-7/root/usr/libexec/gcc/x86_64-redhat-linux/7/:/opt/rh/devtoolset-7/root/usr/libexec/gcc/x86_64-redhat-linux/7/:/opt/rh/devtoolset-7/root/usr/libexec/gcc/x86_64-redhat-linux/:/opt/rh/devtoolset-7/root/usr/lib/gcc/x86_64-redhat-linux/7/:/opt/rh/devtoolset-7/root/usr/lib/gcc/x86_64-redhat-linux/
LIBRARY_PATH=/opt/rh/devtoolset-7/root/usr/lib/gcc/x86_64-redhat-linux/7/:/opt/rh/devtoolset-7/root/usr/lib/gcc/x86_64-redhat-linux/7/../../../../lib64/:/lib/../lib64/:/usr/lib/../lib64/:/opt/rh/devtoolset-7/root/usr/lib/gcc/x86_64-redhat-linux/7/../../../:/lib/:/usr/lib/
COLLECT_GCC_OPTIONS='-v' '-o' 'cmTC_aadeb' '-shared-libgcc' '-mtune=generic' '-march=x86-64'
 /opt/rh/devtoolset-7/root/usr/libexec/gcc/x86_64-redhat-linux/7/collect2 -plugin /opt/rh/devtoolset-7/root/usr/libexec/gcc/x86_64-redhat-linux/7/liblto_plugin.so -plugin-opt=/opt/rh/devtoolset-7/root/usr/libexec/gcc/x86_64-redhat-linux/7/lto-wrapper -plugin-opt=-fresolution=/tmp/ccczUF3j.res -plugin-opt=-pass-through=-lgcc_s -plugin-opt=-pass-through=-lgcc -plugin-opt=-pass-through=-lc -plugin-opt=-pass-through=-lgcc_s -plugin-opt=-pass-through=-lgcc --build-id --no-add-needed --eh-frame-hdr --hash-style=gnu -m elf_x86_64 -dynamic-linker /lib64/ld-linux-x86-64.so.2 -o cmTC_aadeb /lib/../lib64/crt1.o /lib/../lib64/crti.o /opt/rh/devtoolset-7/root/usr/lib/gcc/x86_64-redhat-linux/7/crtbegin.o -L/opt/rh/devtoolset-7/root/usr/lib/gcc/x86_64-redhat-linux/7 -L/opt/rh/devtoolset-7/root/usr/lib/gcc/x86_64-redhat-linux/7/../../../../lib64 -L/lib/../lib64 -L/usr/lib/../lib64 -L/opt/rh/devtoolset-7/root/usr/lib/gcc/x86_64-redhat-linux/7/../../.. CMakeFiles/cmTC_aadeb.dir/CMakeCXXCompilerABI.cpp.o -lstdc++ -lm -lgcc_s -lgcc -lc -lgcc_s -lgcc /opt/rh/devtoolset-7/root/usr/lib/gcc/x86_64-redhat-linux/7/crtend.o /lib/../lib64/crtn.o
COLLECT_GCC_OPTIONS='-v' '-o' 'cmTC_aadeb' '-shared-libgcc' '-mtune=generic' '-march=x86-64'
gmake[1]: Leaving directory '/home/jrefsgaard/workspace/rmat/build/CMakeFiles/CMakeTmp'



Parsed CXX implicit include dir info from above output: rv=done
  found start of include info
  found start of implicit include info
    add: [/opt/rh/devtoolset-7/root/usr/lib/gcc/x86_64-redhat-linux/7/../../../../include/c++/7]
    add: [/opt/rh/devtoolset-7/root/usr/lib/gcc/x86_64-redhat-linux/7/../../../../include/c++/7/x86_64-redhat-linux]
    add: [/opt/rh/devtoolset-7/root/usr/lib/gcc/x86_64-redhat-linux/7/../../../../include/c++/7/backward]
    add: [/opt/rh/devtoolset-7/root/usr/lib/gcc/x86_64-redhat-linux/7/include]
    add: [/usr/local/include]
    add: [/opt/rh/devtoolset-7/root/usr/include]
    add: [/usr/include]
  end of search list found
  collapse include dir [/opt/rh/devtoolset-7/root/usr/lib/gcc/x86_64-redhat-linux/7/../../../../include/c++/7] ==> [/opt/rh/devtoolset-7/root/usr/include/c++/7]
  collapse include dir [/opt/rh/devtoolset-7/root/usr/lib/gcc/x86_64-redhat-linux/7/../../../../include/c++/7/x86_64-redhat-linux] ==> [/opt/rh/devtoolset-7/root/usr/include/c++/7/x86_64-redhat-linux]
  collapse include dir [/opt/rh/devtoolset-7/root/usr/lib/gcc/x86_64-redhat-linux/7/../../../../include/c++/7/backward] ==> [/opt/rh/devtoolset-7/root/usr/include/c++/7/backward]
  collapse include dir [/opt/rh/devtoolset-7/root/usr/lib/gcc/x86_64-redhat-linux/7/include] ==> [/opt/rh/devtoolset-7/root/usr/lib/gcc/x86_64-redhat-linux/7/include]
  collapse include dir [/usr/local/include] ==> [/usr/local/include]
  collapse include dir [/opt/rh/devtoolset-7/root/usr/include] ==> [/opt/rh/devtoolset-7/root/usr/include]
  collapse include dir [/usr/include] ==> [/usr/include]
  implicit include dirs: [/opt/rh/devtoolset-7/root/usr/include/c++/7;/opt/rh/devtoolset-7/root/usr/include/c++/7/x86_64-redhat-linux;/opt/rh/devtoolset-7/root/usr/include/c++/7/backward;/opt/rh/devtoolset-7/root/usr/lib/gcc/x86_64-redhat-linux/7/include;/usr/local/include;/opt/rh/devtoolset-7/root/usr/include;/usr/include]


Parsed CXX implicit link information from above output:
  link line regex: [^( *|.*[/\])(ld|CMAKE_LINK_STARTFILE-NOTFOUND|([^/\]+-)?ld|collect2)[^/\]*( |$)]
  ignore line: [Change Dir: /home/jrefsgaard/workspace/rmat/build/CMakeFiles/CMakeTmp]
  ignore line: []
  ignore line: [Run Build Command(s):/opt/rh/devtoolset-7/root/usr/bin/gmake cmTC_aadeb/fast && /opt/rh/devtoolset-7/root/usr/bin/gmake -f CMakeFiles/cmTC_aadeb.dir/build.make CMakeFiles/cmTC_aadeb.dir/build]
  ignore line: [gmake[1]: Entering directory '/home/jrefsgaard/workspace/rmat/build/CMakeFiles/CMakeTmp']
  ignore line: [Building CXX object CMakeFiles/cmTC_aadeb.dir/CMakeCXXCompilerABI.cpp.o]
  ignore line: [/opt/rh/devtoolset-7/root/usr/bin/c++    -v -o CMakeFiles/cmTC_aadeb.dir/CMakeCXXCompilerABI.cpp.o -c /home/jrefsgaard/myroot/usr/local/share/cmake-3.16/Modules/CMakeCXXCompilerABI.cpp]
  ignore line: [Using built-in specs.]
  ignore line: [COLLECT_GCC=/opt/rh/devtoolset-7/root/usr/bin/c++]
  ignore line: [Target: x86_64-redhat-linux]
  ignore line: [Configured with: ../configure --enable-bootstrap --enable-languages=c c++ fortran lto --prefix=/opt/rh/devtoolset-7/root/usr --mandir=/opt/rh/devtoolset-7/root/usr/share/man --infodir=/opt/rh/devtoolset-7/root/usr/share/info --with-bugurl=http://bugzilla.redhat.com/bugzilla --enable-shared --enable-threads=posix --enable-checking=release --enable-multilib --with-system-zlib --enable-__cxa_atexit --disable-libunwind-exceptions --enable-gnu-unique-object --enable-linker-build-id --with-gcc-major-version-only --enable-plugin --with-linker-hash-style=gnu --enable-initfini-array --with-default-libstdcxx-abi=gcc4-compatible --with-isl=/builddir/build/BUILD/gcc-7.3.1-20180303/obj-x86_64-redhat-linux/isl-install --enable-libmpx --enable-gnu-indirect-function --with-tune=generic --with-arch_32=i686 --build=x86_64-redhat-linux]
  ignore line: [Thread model: posix]
  ignore line: [gcc version 7.3.1 20180303 (Red Hat 7.3.1-5) (GCC) ]
  ignore line: [COLLECT_GCC_OPTIONS='-v' '-o' 'CMakeFiles/cmTC_aadeb.dir/CMakeCXXCompilerABI.cpp.o' '-c' '-shared-libgcc' '-mtune=generic' '-march=x86-64']
  ignore line: [ /opt/rh/devtoolset-7/root/usr/libexec/gcc/x86_64-redhat-linux/7/cc1plus -quiet -v -D_GNU_SOURCE /home/jrefsgaard/myroot/usr/local/share/cmake-3.16/Modules/CMakeCXXCompilerABI.cpp -quiet -dumpbase CMakeCXXCompilerABI.cpp -mtune=generic -march=x86-64 -auxbase-strip CMakeFiles/cmTC_aadeb.dir/CMakeCXXCompilerABI.cpp.o -version -o /tmp/cc0cFQJe.s]
  ignore line: [GNU C++14 (GCC) version 7.3.1 20180303 (Red Hat 7.3.1-5) (x86_64-redhat-linux)]
  ignore line: [	compiled by GNU C version 7.3.1 20180303 (Red Hat 7.3.1-5)  GMP version 6.0.0  MPFR version 3.1.1  MPC version 1.0.1  isl version isl-0.16.1-GMP]
  ignore line: []
  ignore line: [GGC heuristics: --param ggc-min-expand=100 --param ggc-min-heapsize=131072]
  ignore line: [ignoring nonexistent directory "/opt/rh/devtoolset-7/root/usr/lib/gcc/x86_64-redhat-linux/7/include-fixed"]
  ignore line: [ignoring nonexistent directory "/opt/rh/devtoolset-7/root/usr/lib/gcc/x86_64-redhat-linux/7/../../../../x86_64-redhat-linux/include"]
  ignore line: [#include "..." search starts here:]
  ignore line: [#include <...> search starts here:]
  ignore line: [ /opt/rh/devtoolset-7/root/usr/lib/gcc/x86_64-redhat-linux/7/../../../../include/c++/7]
  ignore line: [ /opt/rh/devtoolset-7/root/usr/lib/gcc/x86_64-redhat-linux/7/../../../../include/c++/7/x86_64-redhat-linux]
  ignore line: [ /opt/rh/devtoolset-7/root/usr/lib/gcc/x86_64-redhat-linux/7/../../../../include/c++/7/backward]
  ignore line: [ /opt/rh/devtoolset-7/root/usr/lib/gcc/x86_64-redhat-linux/7/include]
  ignore line: [ /usr/local/include]
  ignore line: [ /opt/rh/devtoolset-7/root/usr/include]
  ignore line: [ /usr/include]
  ignore line: [End of search list.]
  ignore line: [GNU C++14 (GCC) version 7.3.1 20180303 (Red Hat 7.3.1-5) (x86_64-redhat-linux)]
  ignore line: [	compiled by GNU C version 7.3.1 20180303 (Red Hat 7.3.1-5)  GMP version 6.0.0  MPFR version 3.1.1  MPC version 1.0.1  isl version isl-0.16.1-GMP]
  ignore line: []
  ignore line: [GGC heuristics: --param ggc-min-expand=100 --param ggc-min-heapsize=131072]
  ignore line: [Compiler executable checksum: 2f06f4cd9d92155a269283acf1f10eb6]
  ignore line: [COLLECT_GCC_OPTIONS='-v' '-o' 'CMakeFiles/cmTC_aadeb.dir/CMakeCXXCompilerABI.cpp.o' '-c' '-shared-libgcc' '-mtune=generic' '-march=x86-64']
  ignore line: [ /opt/rh/devtoolset-7/root/usr/libexec/gcc/x86_64-redhat-linux/7/as -v --64 -o CMakeFiles/cmTC_aadeb.dir/CMakeCXXCompilerABI.cpp.o /tmp/cc0cFQJe.s]
  ignore line: [GNU assembler version 2.28 (x86_64-redhat-linux) using BFD version version 2.28-11.el7]
  ignore line: [COMPILER_PATH=/opt/rh/devtoolset-7/root/usr/libexec/gcc/x86_64-redhat-linux/7/:/opt/rh/devtoolset-7/root/usr/libexec/gcc/x86_64-redhat-linux/7/:/opt/rh/devtoolset-7/root/usr/libexec/gcc/x86_64-redhat-linux/:/opt/rh/devtoolset-7/root/usr/lib/gcc/x86_64-redhat-linux/7/:/opt/rh/devtoolset-7/root/usr/lib/gcc/x86_64-redhat-linux/]
  ignore line: [LIBRARY_PATH=/opt/rh/devtoolset-7/root/usr/lib/gcc/x86_64-redhat-linux/7/:/opt/rh/devtoolset-7/root/usr/lib/gcc/x86_64-redhat-linux/7/../../../../lib64/:/lib/../lib64/:/usr/lib/../lib64/:/opt/rh/devtoolset-7/root/usr/lib/gcc/x86_64-redhat-linux/7/../../../:/lib/:/usr/lib/]
  ignore line: [COLLECT_GCC_OPTIONS='-v' '-o' 'CMakeFiles/cmTC_aadeb.dir/CMakeCXXCompilerABI.cpp.o' '-c' '-shared-libgcc' '-mtune=generic' '-march=x86-64']
  ignore line: [Linking CXX executable cmTC_aadeb]
  ignore line: [/home/jrefsgaard/myroot/usr/local/bin/cmake -E cmake_link_script CMakeFiles/cmTC_aadeb.dir/link.txt --verbose=1]
  ignore line: [/opt/rh/devtoolset-7/root/usr/bin/c++      -v CMakeFiles/cmTC_aadeb.dir/CMakeCXXCompilerABI.cpp.o  -o cmTC_aadeb ]
  ignore line: [Using built-in specs.]
  ignore line: [COLLECT_GCC=/opt/rh/devtoolset-7/root/usr/bin/c++]
  ignore line: [COLLECT_LTO_WRAPPER=/opt/rh/devtoolset-7/root/usr/libexec/gcc/x86_64-redhat-linux/7/lto-wrapper]
  ignore line: [Target: x86_64-redhat-linux]
  ignore line: [Configured with: ../configure --enable-bootstrap --enable-languages=c c++ fortran lto --prefix=/opt/rh/devtoolset-7/root/usr --mandir=/opt/rh/devtoolset-7/root/usr/share/man --infodir=/opt/rh/devtoolset-7/root/usr/share/info --with-bugurl=http://bugzilla.redhat.com/bugzilla --enable-shared --enable-threads=posix --enable-checking=release --enable-multilib --with-system-zlib --enable-__cxa_atexit --disable-libunwind-exceptions --enable-gnu-unique-object --enable-linker-build-id --with-gcc-major-version-only --enable-plugin --with-linker-hash-style=gnu --enable-initfini-array --with-default-libstdcxx-abi=gcc4-compatible --with-isl=/builddir/build/BUILD/gcc-7.3.1-20180303/obj-x86_64-redhat-linux/isl-install --enable-libmpx --enable-gnu-indirect-function --with-tune=generic --with-arch_32=i686 --build=x86_64-redhat-linux]
  ignore line: [Thread model: posix]
  ignore line: [gcc version 7.3.1 20180303 (Red Hat 7.3.1-5) (GCC) ]
  ignore line: [COMPILER_PATH=/opt/rh/devtoolset-7/root/usr/libexec/gcc/x86_64-redhat-linux/7/:/opt/rh/devtoolset-7/root/usr/libexec/gcc/x86_64-redhat-linux/7/:/opt/rh/devtoolset-7/root/usr/libexec/gcc/x86_64-redhat-linux/:/opt/rh/devtoolset-7/root/usr/lib/gcc/x86_64-redhat-linux/7/:/opt/rh/devtoolset-7/root/usr/lib/gcc/x86_64-redhat-linux/]
  ignore line: [LIBRARY_PATH=/opt/rh/devtoolset-7/root/usr/lib/gcc/x86_64-redhat-linux/7/:/opt/rh/devtoolset-7/root/usr/lib/gcc/x86_64-redhat-linux/7/../../../../lib64/:/lib/../lib64/:/usr/lib/../lib64/:/opt/rh/devtoolset-7/root/usr/lib/gcc/x86_64-redhat-linux/7/../../../:/lib/:/usr/lib/]
  ignore line: [COLLECT_GCC_OPTIONS='-v' '-o' 'cmTC_aadeb' '-shared-libgcc' '-mtune=generic' '-march=x86-64']
  link line: [ /opt/rh/devtoolset-7/root/usr/libexec/gcc/x86_64-redhat-linux/7/collect2 -plugin /opt/rh/devtoolset-7/root/usr/libexec/gcc/x86_64-redhat-linux/7/liblto_plugin.so -plugin-opt=/opt/rh/devtoolset-7/root/usr/libexec/gcc/x86_64-redhat-linux/7/lto-wrapper -plugin-opt=-fresolution=/tmp/ccczUF3j.res -plugin-opt=-pass-through=-lgcc_s -plugin-opt=-pass-through=-lgcc -plugin-opt=-pass-through=-lc -plugin-opt=-pass-through=-lgcc_s -plugin-opt=-pass-through=-lgcc --build-id --no-add-needed --eh-frame-hdr --hash-style=gnu -m elf_x86_64 -dynamic-linker /lib64/ld-linux-x86-64.so.2 -o cmTC_aadeb /lib/../lib64/crt1.o /lib/../lib64/crti.o /opt/rh/devtoolset-7/root/usr/lib/gcc/x86_64-redhat-linux/7/crtbegin.o -L/opt/rh/devtoolset-7/root/usr/lib/gcc/x86_64-redhat-linux/7 -L/opt/rh/devtoolset-7/root/usr/lib/gcc/x86_64-redhat-linux/7/../../../../lib64 -L/lib/../lib64 -L/usr/lib/../lib64 -L/opt/rh/devtoolset-7/root/usr/lib/gcc/x86_64-redhat-linux/7/../../.. CMakeFiles/cmTC_aadeb.dir/CMakeCXXCompilerABI.cpp.o -lstdc++ -lm -lgcc_s -lgcc -lc -lgcc_s -lgcc /opt/rh/devtoolset-7/root/usr/lib/gcc/x86_64-redhat-linux/7/crtend.o /lib/../lib64/crtn.o]
    arg [/opt/rh/devtoolset-7/root/usr/libexec/gcc/x86_64-redhat-linux/7/collect2] ==> ignore
    arg [-plugin] ==> ignore
    arg [/opt/rh/devtoolset-7/root/usr/libexec/gcc/x86_64-redhat-linux/7/liblto_plugin.so] ==> ignore
    arg [-plugin-opt=/opt/rh/devtoolset-7/root/usr/libexec/gcc/x86_64-redhat-linux/7/lto-wrapper] ==> ignore
    arg [-plugin-opt=-fresolution=/tmp/ccczUF3j.res] ==> ignore
    arg [-plugin-opt=-pass-through=-lgcc_s] ==> ignore
    arg [-plugin-opt=-pass-through=-lgcc] ==> ignore
    arg [-plugin-opt=-pass-through=-lc] ==> ignore
    arg [-plugin-opt=-pass-through=-lgcc_s] ==> ignore
    arg [-plugin-opt=-pass-through=-lgcc] ==> ignore
    arg [--build-id] ==> ignore
    arg [--no-add-needed] ==> ignore
    arg [--eh-frame-hdr] ==> ignore
    arg [--hash-style=gnu] ==> ignore
    arg [-m] ==> ignore
    arg [elf_x86_64] ==> ignore
    arg [-dynamic-linker] ==> ignore
    arg [/lib64/ld-linux-x86-64.so.2] ==> ignore
    arg [-o] ==> ignore
    arg [cmTC_aadeb] ==> ignore
    arg [/lib/../lib64/crt1.o] ==> ignore
    arg [/lib/../lib64/crti.o] ==> ignore
    arg [/opt/rh/devtoolset-7/root/usr/lib/gcc/x86_64-redhat-linux/7/crtbegin.o] ==> ignore
    arg [-L/opt/rh/devtoolset-7/root/usr/lib/gcc/x86_64-redhat-linux/7] ==> dir [/opt/rh/devtoolset-7/root/usr/lib/gcc/x86_64-redhat-linux/7]
    arg [-L/opt/rh/devtoolset-7/root/usr/lib/gcc/x86_64-redhat-linux/7/../../../../lib64] ==> dir [/opt/rh/devtoolset-7/root/usr/lib/gcc/x86_64-redhat-linux/7/../../../../lib64]
    arg [-L/lib/../lib64] ==> dir [/lib/../lib64]
    arg [-L/usr/lib/../lib64] ==> dir [/usr/lib/../lib64]
    arg [-L/opt/rh/devtoolset-7/root/usr/lib/gcc/x86_64-redhat-linux/7/../../..] ==> dir [/opt/rh/devtoolset-7/root/usr/lib/gcc/x86_64-redhat-linux/7/../../..]
    arg [CMakeFiles/cmTC_aadeb.dir/CMakeCXXCompilerABI.cpp.o] ==> ignore
    arg [-lstdc++] ==> lib [stdc++]
    arg [-lm] ==> lib [m]
    arg [-lgcc_s] ==> lib [gcc_s]
    arg [-lgcc] ==> lib [gcc]
    arg [-lc] ==> lib [c]
    arg [-lgcc_s] ==> lib [gcc_s]
    arg [-lgcc] ==> lib [gcc]
    arg [/opt/rh/devtoolset-7/root/usr/lib/gcc/x86_64-redhat-linux/7/crtend.o] ==> ignore
    arg [/lib/../lib64/crtn.o] ==> ignore
  collapse library dir [/opt/rh/devtoolset-7/root/usr/lib/gcc/x86_64-redhat-linux/7] ==> [/opt/rh/devtoolset-7/root/usr/lib/gcc/x86_64-redhat-linux/7]
  collapse library dir [/opt/rh/devtoolset-7/root/usr/lib/gcc/x86_64-redhat-linux/7/../../../../lib64] ==> [/opt/rh/devtoolset-7/root/usr/lib64]
  collapse library dir [/lib/../lib64] ==> [/lib64]
  collapse library dir [/usr/lib/../lib64] ==> [/usr/lib64]
  collapse library dir [/opt/rh/devtoolset-7/root/usr/lib/gcc/x86_64-redhat-linux/7/../../..] ==> [/opt/rh/devtoolset-7/root/usr/lib]
  implicit libs: [stdc++;m;gcc_s;gcc;c;gcc_s;gcc]
  implicit dirs: [/opt/rh/devtoolset-7/root/usr/lib/gcc/x86_64-redhat-linux/7;/opt/rh/devtoolset-7/root/usr/lib64;/lib64;/usr/lib64;/opt/rh/devtoolset-7/root/usr/lib]
  implicit fwks: []


Detecting CXX OpenMP compiler ABI info compiled with the following output:
Change Dir: /home/jrefsgaard/workspace/rmat/build/CMakeFiles/CMakeTmp

Run Build Command(s):/opt/rh/devtoolset-7/root/usr/bin/gmake cmTC_a2934/fast && /opt/rh/devtoolset-7/root/usr/bin/gmake -f CMakeFiles/cmTC_a2934.dir/build.make CMakeFiles/cmTC_a2934.dir/build
gmake[1]: Entering directory '/home/jrefsgaard/workspace/rmat/build/CMakeFiles/CMakeTmp'
Building CXX object CMakeFiles/cmTC_a2934.dir/OpenMPTryFlag.cpp.o
/opt/rh/devtoolset-7/root/usr/bin/c++    -fopenmp -v   -o CMakeFiles/cmTC_a2934.dir/OpenMPTryFlag.cpp.o -c /home/jrefsgaard/workspace/rmat/build/CMakeFiles/FindOpenMP/OpenMPTryFlag.cpp
Using built-in specs.
COLLECT_GCC=/opt/rh/devtoolset-7/root/usr/bin/c++
Target: x86_64-redhat-linux
Configured with: ../configure --enable-bootstrap --enable-languages=c,c++,fortran,lto --prefix=/opt/rh/devtoolset-7/root/usr --mandir=/opt/rh/devtoolset-7/root/usr/share/man --infodir=/opt/rh/devtoolset-7/root/usr/share/info --with-bugurl=http://bugzilla.redhat.com/bugzilla --enable-shared --enable-threads=posix --enable-checking=release --enable-multilib --with-system-zlib --enable-__cxa_atexit --disable-libunwind-exceptions --enable-gnu-unique-object --enable-linker-build-id --with-gcc-major-version-only --enable-plugin --with-linker-hash-style=gnu --enable-initfini-array --with-default-libstdcxx-abi=gcc4-compatible --with-isl=/builddir/build/BUILD/gcc-7.3.1-20180303/obj-x86_64-redhat-linux/isl-install --enable-libmpx --enable-gnu-indirect-function --with-tune=generic --with-arch_32=i686 --build=x86_64-redhat-linux
Thread model: posix
gcc version 7.3.1 20180303 (Red Hat 7.3.1-5) (GCC) 
COLLECT_GCC_OPTIONS='-fopenmp' '-v' '-o' 'CMakeFiles/cmTC_a2934.dir/OpenMPTryFlag.cpp.o' '-c' '-shared-libgcc' '-mtune=generic' '-march=x86-64' '-pthread'
 /opt/rh/devtoolset-7/root/usr/libexec/gcc/x86_64-redhat-linux/7/cc1plus -quiet -v -D_GNU_SOURCE -D_REENTRANT /home/jrefsgaard/workspace/rmat/build/CMakeFiles/FindOpenMP/OpenMPTryFlag.cpp -quiet -dumpbase OpenMPTryFlag.cpp -mtune=generic -march=x86-64 -auxbase-strip CMakeFiles/cmTC_a2934.dir/OpenMPTryFlag.cpp.o -version -fopenmp -o /tmp/ccylInoy.s
GNU C++14 (GCC) version 7.3.1 20180303 (Red Hat 7.3.1-5) (x86_64-redhat-linux)
	compiled by GNU C version 7.3.1 20180303 (Red Hat 7.3.1-5), GMP version 6.0.0, MPFR version 3.1.1, MPC version 1.0.1, isl version isl-0.16.1-GMP

GGC heuristics: --param ggc-min-expand=100 --param ggc-min-heapsize=131072
ignoring nonexistent directory "/opt/rh/devtoolset-7/root/usr/lib/gcc/x86_64-redhat-linux/7/include-fixed"
ignoring nonexistent directory "/opt/rh/devtoolset-7/root/usr/lib/gcc/x86_64-redhat-linux/7/../../../../x86_64-redhat-linux/include"
#include "..." search starts here:
#include <...> search starts here:
 /opt/rh/devtoolset-7/root/usr/lib/gcc/x86_64-redhat-linux/7/../../../../include/c++/7
 /opt/rh/devtoolset-7/root/usr/lib/gcc/x86_64-redhat-linux/7/../../../../include/c++/7/x86_64-redhat-linux
 /opt/rh/devtoolset-7/root/usr/lib/gcc/x86_64-redhat-linux/7/../../../../include/c++/7/backward
 /opt/rh/devtoolset-7/root/usr/lib/gcc/x86_64-redhat-linux/7/include
 /usr/local/include
 /opt/rh/devtoolset-7/root/usr/include
 /usr/include
End of search list.
GNU C++14 (GCC) version 7.3.1 20180303 (Red Hat 7.3.1-5) (x86_64-redhat-linux)
	compiled by GNU C version 7.3.1 20180303 (Red Hat 7.3.1-5), GMP version 6.0.0, MPFR version 3.1.1, MPC version 1.0.1, isl version isl-0.16.1-GMP

GGC heuristics: --param ggc-min-expand=100 --param ggc-min-heapsize=131072
Compiler executable checksum: 2f06f4cd9d92155a269283acf1f10eb6
COLLECT_GCC_OPTIONS='-fopenmp' '-v' '-o' 'CMakeFiles/cmTC_a2934.dir/OpenMPTryFlag.cpp.o' '-c' '-shared-libgcc' '-mtune=generic' '-march=x86-64' '-pthread'
 /opt/rh/devtoolset-7/root/usr/libexec/gcc/x86_64-redhat-linux/7/as -v --64 -o CMakeFiles/cmTC_a2934.dir/OpenMPTryFlag.cpp.o /tmp/ccylInoy.s
GNU assembler version 2.28 (x86_64-redhat-linux) using BFD version version 2.28-11.el7
COMPILER_PATH=/opt/rh/devtoolset-7/root/usr/libexec/gcc/x86_64-redhat-linux/7/:/opt/rh/devtoolset-7/root/usr/libexec/gcc/x86_64-redhat-linux/7/:/opt/rh/devtoolset-7/root/usr/libexec/gcc/x86_64-redhat-linux/:/opt/rh/devtoolset-7/root/usr/lib/gcc/x86_64-redhat-linux/7/:/opt/rh/devtoolset-7/root/usr/lib/gcc/x86_64-redhat-linux/
LIBRARY_PATH=/opt/rh/devtoolset-7/root/usr/lib/gcc/x86_64-redhat-linux/7/:/opt/rh/devtoolset-7/root/usr/lib/gcc/x86_64-redhat-linux/7/../../../../lib64/:/lib/../lib64/:/usr/lib/../lib64/:/opt/rh/devtoolset-7/root/usr/lib/gcc/x86_64-redhat-linux/7/../../../:/lib/:/usr/lib/
COLLECT_GCC_OPTIONS='-fopenmp' '-v' '-o' 'CMakeFiles/cmTC_a2934.dir/OpenMPTryFlag.cpp.o' '-c' '-shared-libgcc' '-mtune=generic' '-march=x86-64' '-pthread'
Linking CXX executable cmTC_a2934
/home/jrefsgaard/myroot/usr/local/bin/cmake -E cmake_link_script CMakeFiles/cmTC_a2934.dir/link.txt --verbose=1
/opt/rh/devtoolset-7/root/usr/bin/c++   -fopenmp -v    CMakeFiles/cmTC_a2934.dir/OpenMPTryFlag.cpp.o  -o cmTC_a2934  -v 
Using built-in specs.
COLLECT_GCC=/opt/rh/devtoolset-7/root/usr/bin/c++
COLLECT_LTO_WRAPPER=/opt/rh/devtoolset-7/root/usr/libexec/gcc/x86_64-redhat-linux/7/lto-wrapper
Target: x86_64-redhat-linux
Configured with: ../configure --enable-bootstrap --enable-languages=c,c++,fortran,lto --prefix=/opt/rh/devtoolset-7/root/usr --mandir=/opt/rh/devtoolset-7/root/usr/share/man --infodir=/opt/rh/devtoolset-7/root/usr/share/info --with-bugurl=http://bugzilla.redhat.com/bugzilla --enable-shared --enable-threads=posix --enable-checking=release --enable-multilib --with-system-zlib --enable-__cxa_atexit --disable-libunwind-exceptions --enable-gnu-unique-object --enable-linker-build-id --with-gcc-major-version-only --enable-plugin --with-linker-hash-style=gnu --enable-initfini-array --with-default-libstdcxx-abi=gcc4-compatible --with-isl=/builddir/build/BUILD/gcc-7.3.1-20180303/obj-x86_64-redhat-linux/isl-install --enable-libmpx --enable-gnu-indirect-function --with-tune=generic --with-arch_32=i686 --build=x86_64-redhat-linux
Thread model: posix
gcc version 7.3.1 20180303 (Red Hat 7.3.1-5) (GCC) 
COMPILER_PATH=/opt/rh/devtoolset-7/root/usr/libexec/gcc/x86_64-redhat-linux/7/:/opt/rh/devtoolset-7/root/usr/libexec/gcc/x86_64-redhat-linux/7/:/opt/rh/devtoolset-7/root/usr/libexec/gcc/x86_64-redhat-linux/:/opt/rh/devtoolset-7/root/usr/lib/gcc/x86_64-redhat-linux/7/:/opt/rh/devtoolset-7/root/usr/lib/gcc/x86_64-redhat-linux/
LIBRARY_PATH=/opt/rh/devtoolset-7/root/usr/lib/gcc/x86_64-redhat-linux/7/:/opt/rh/devtoolset-7/root/usr/lib/gcc/x86_64-redhat-linux/7/../../../../lib64/:/lib/../lib64/:/usr/lib/../lib64/:/opt/rh/devtoolset-7/root/usr/lib/gcc/x86_64-redhat-linux/7/../../../:/lib/:/usr/lib/
Reading specs from /opt/rh/devtoolset-7/root/usr/lib/gcc/x86_64-redhat-linux/7/libgomp.spec
COLLECT_GCC_OPTIONS='-fopenmp' '-v' '-o' 'cmTC_a2934' '-v' '-shared-libgcc' '-mtune=generic' '-march=x86-64' '-pthread'
 /opt/rh/devtoolset-7/root/usr/libexec/gcc/x86_64-redhat-linux/7/collect2 -plugin /opt/rh/devtoolset-7/root/usr/libexec/gcc/x86_64-redhat-linux/7/liblto_plugin.so -plugin-opt=/opt/rh/devtoolset-7/root/usr/libexec/gcc/x86_64-redhat-linux/7/lto-wrapper -plugin-opt=-fresolution=/tmp/cc3I9mPD.res -plugin-opt=-pass-through=-lgcc_s -plugin-opt=-pass-through=-lgcc -plugin-opt=-pass-through=-lpthread -plugin-opt=-pass-through=-lc -plugin-opt=-pass-through=-lgcc_s -plugin-opt=-pass-through=-lgcc --build-id --no-add-needed --eh-frame-hdr --hash-style=gnu -m elf_x86_64 -dynamic-linker /lib64/ld-linux-x86-64.so.2 -o cmTC_a2934 /lib/../lib64/crt1.o /lib/../lib64/crti.o /opt/rh/devtoolset-7/root/usr/lib/gcc/x86_64-redhat-linux/7/crtbegin.o -L/opt/rh/devtoolset-7/root/usr/lib/gcc/x86_64-redhat-linux/7 -L/opt/rh/devtoolset-7/root/usr/lib/gcc/x86_64-redhat-linux/7/../../../../lib64 -L/lib/../lib64 -L/usr/lib/../lib64 -L/opt/rh/devtoolset-7/root/usr/lib/gcc/x86_64-redhat-linux/7/../../.. CMakeFiles/cmTC_a2934.dir/OpenMPTryFlag.cpp.o -lstdc++ -lm -lgomp -lgcc_s -lgcc -lpthread -lc -lgcc_s -lgcc /opt/rh/devtoolset-7/root/usr/lib/gcc/x86_64-redhat-linux/7/crtend.o /lib/../lib64/crtn.o
COLLECT_GCC_OPTIONS='-fopenmp' '-v' '-o' 'cmTC_a2934' '-v' '-shared-libgcc' '-mtune=generic' '-march=x86-64' '-pthread'
gmake[1]: Leaving directory '/home/jrefsgaard/workspace/rmat/build/CMakeFiles/CMakeTmp'



Parsed CXX OpenMP implicit link information from above output:
  link line regex: [^( *|.*[/\])(ld|CMAKE_LINK_STARTFILE-NOTFOUND|([^/\]+-)?ld|collect2)[^/\]*( |$)]
  ignore line: [Change Dir: /home/jrefsgaard/workspace/rmat/build/CMakeFiles/CMakeTmp]
  ignore line: []
  ignore line: [Run Build Command(s):/opt/rh/devtoolset-7/root/usr/bin/gmake cmTC_a2934/fast && /opt/rh/devtoolset-7/root/usr/bin/gmake -f CMakeFiles/cmTC_a2934.dir/build.make CMakeFiles/cmTC_a2934.dir/build]
  ignore line: [gmake[1]: Entering directory '/home/jrefsgaard/workspace/rmat/build/CMakeFiles/CMakeTmp']
  ignore line: [Building CXX object CMakeFiles/cmTC_a2934.dir/OpenMPTryFlag.cpp.o]
  ignore line: [/opt/rh/devtoolset-7/root/usr/bin/c++    -fopenmp -v   -o CMakeFiles/cmTC_a2934.dir/OpenMPTryFlag.cpp.o -c /home/jrefsgaard/workspace/rmat/build/CMakeFiles/FindOpenMP/OpenMPTryFlag.cpp]
  ignore line: [Using built-in specs.]
  ignore line: [COLLECT_GCC=/opt/rh/devtoolset-7/root/usr/bin/c++]
  ignore line: [Target: x86_64-redhat-linux]
  ignore line: [Configured with: ../configure --enable-bootstrap --enable-languages=c c++ fortran lto --prefix=/opt/rh/devtoolset-7/root/usr --mandir=/opt/rh/devtoolset-7/root/usr/share/man --infodir=/opt/rh/devtoolset-7/root/usr/share/info --with-bugurl=http://bugzilla.redhat.com/bugzilla --enable-shared --enable-threads=posix --enable-checking=release --enable-multilib --with-system-zlib --enable-__cxa_atexit --disable-libunwind-exceptions --enable-gnu-unique-object --enable-linker-build-id --with-gcc-major-version-only --enable-plugin --with-linker-hash-style=gnu --enable-initfini-array --with-default-libstdcxx-abi=gcc4-compatible --with-isl=/builddir/build/BUILD/gcc-7.3.1-20180303/obj-x86_64-redhat-linux/isl-install --enable-libmpx --enable-gnu-indirect-function --with-tune=generic --with-arch_32=i686 --build=x86_64-redhat-linux]
  ignore line: [Thread model: posix]
  ignore line: [gcc version 7.3.1 20180303 (Red Hat 7.3.1-5) (GCC) ]
  ignore line: [COLLECT_GCC_OPTIONS='-fopenmp' '-v' '-o' 'CMakeFiles/cmTC_a2934.dir/OpenMPTryFlag.cpp.o' '-c' '-shared-libgcc' '-mtune=generic' '-march=x86-64' '-pthread']
  ignore line: [ /opt/rh/devtoolset-7/root/usr/libexec/gcc/x86_64-redhat-linux/7/cc1plus -quiet -v -D_GNU_SOURCE -D_REENTRANT /home/jrefsgaard/workspace/rmat/build/CMakeFiles/FindOpenMP/OpenMPTryFlag.cpp -quiet -dumpbase OpenMPTryFlag.cpp -mtune=generic -march=x86-64 -auxbase-strip CMakeFiles/cmTC_a2934.dir/OpenMPTryFlag.cpp.o -version -fopenmp -o /tmp/ccylInoy.s]
  ignore line: [GNU C++14 (GCC) version 7.3.1 20180303 (Red Hat 7.3.1-5) (x86_64-redhat-linux)]
  ignore line: [	compiled by GNU C version 7.3.1 20180303 (Red Hat 7.3.1-5)  GMP version 6.0.0  MPFR version 3.1.1  MPC version 1.0.1  isl version isl-0.16.1-GMP]
  ignore line: []
  ignore line: [GGC heuristics: --param ggc-min-expand=100 --param ggc-min-heapsize=131072]
  ignore line: [ignoring nonexistent directory "/opt/rh/devtoolset-7/root/usr/lib/gcc/x86_64-redhat-linux/7/include-fixed"]
  ignore line: [ignoring nonexistent directory "/opt/rh/devtoolset-7/root/usr/lib/gcc/x86_64-redhat-linux/7/../../../../x86_64-redhat-linux/include"]
  ignore line: [#include "..." search starts here:]
  ignore line: [#include <...> search starts here:]
  ignore line: [ /opt/rh/devtoolset-7/root/usr/lib/gcc/x86_64-redhat-linux/7/../../../../include/c++/7]
  ignore line: [ /opt/rh/devtoolset-7/root/usr/lib/gcc/x86_64-redhat-linux/7/../../../../include/c++/7/x86_64-redhat-linux]
  ignore line: [ /opt/rh/devtoolset-7/root/usr/lib/gcc/x86_64-redhat-linux/7/../../../../include/c++/7/backward]
  ignore line: [ /opt/rh/devtoolset-7/root/usr/lib/gcc/x86_64-redhat-linux/7/include]
  ignore line: [ /usr/local/include]
  ignore line: [ /opt/rh/devtoolset-7/root/usr/include]
  ignore line: [ /usr/include]
  ignore line: [End of search list.]
  ignore line: [GNU C++14 (GCC) version 7.3.1 20180303 (Red Hat 7.3.1-5) (x86_64-redhat-linux)]
  ignore line: [	compiled by GNU C version 7.3.1 20180303 (Red Hat 7.3.1-5)  GMP version 6.0.0  MPFR version 3.1.1  MPC version 1.0.1  isl version isl-0.16.1-GMP]
  ignore line: []
  ignore line: [GGC heuristics: --param ggc-min-expand=100 --param ggc-min-heapsize=131072]
  ignore line: [Compiler executable checksum: 2f06f4cd9d92155a269283acf1f10eb6]
  ignore line: [COLLECT_GCC_OPTIONS='-fopenmp' '-v' '-o' 'CMakeFiles/cmTC_a2934.dir/OpenMPTryFlag.cpp.o' '-c' '-shared-libgcc' '-mtune=generic' '-march=x86-64' '-pthread']
  ignore line: [ /opt/rh/devtoolset-7/root/usr/libexec/gcc/x86_64-redhat-linux/7/as -v --64 -o CMakeFiles/cmTC_a2934.dir/OpenMPTryFlag.cpp.o /tmp/ccylInoy.s]
  ignore line: [GNU assembler version 2.28 (x86_64-redhat-linux) using BFD version version 2.28-11.el7]
  ignore line: [COMPILER_PATH=/opt/rh/devtoolset-7/root/usr/libexec/gcc/x86_64-redhat-linux/7/:/opt/rh/devtoolset-7/root/usr/libexec/gcc/x86_64-redhat-linux/7/:/opt/rh/devtoolset-7/root/usr/libexec/gcc/x86_64-redhat-linux/:/opt/rh/devtoolset-7/root/usr/lib/gcc/x86_64-redhat-linux/7/:/opt/rh/devtoolset-7/root/usr/lib/gcc/x86_64-redhat-linux/]
  ignore line: [LIBRARY_PATH=/opt/rh/devtoolset-7/root/usr/lib/gcc/x86_64-redhat-linux/7/:/opt/rh/devtoolset-7/root/usr/lib/gcc/x86_64-redhat-linux/7/../../../../lib64/:/lib/../lib64/:/usr/lib/../lib64/:/opt/rh/devtoolset-7/root/usr/lib/gcc/x86_64-redhat-linux/7/../../../:/lib/:/usr/lib/]
  ignore line: [COLLECT_GCC_OPTIONS='-fopenmp' '-v' '-o' 'CMakeFiles/cmTC_a2934.dir/OpenMPTryFlag.cpp.o' '-c' '-shared-libgcc' '-mtune=generic' '-march=x86-64' '-pthread']
  ignore line: [Linking CXX executable cmTC_a2934]
  ignore line: [/home/jrefsgaard/myroot/usr/local/bin/cmake -E cmake_link_script CMakeFiles/cmTC_a2934.dir/link.txt --verbose=1]
  ignore line: [/opt/rh/devtoolset-7/root/usr/bin/c++   -fopenmp -v    CMakeFiles/cmTC_a2934.dir/OpenMPTryFlag.cpp.o  -o cmTC_a2934  -v ]
  ignore line: [Using built-in specs.]
  ignore line: [COLLECT_GCC=/opt/rh/devtoolset-7/root/usr/bin/c++]
  ignore line: [COLLECT_LTO_WRAPPER=/opt/rh/devtoolset-7/root/usr/libexec/gcc/x86_64-redhat-linux/7/lto-wrapper]
  ignore line: [Target: x86_64-redhat-linux]
  ignore line: [Configured with: ../configure --enable-bootstrap --enable-languages=c c++ fortran lto --prefix=/opt/rh/devtoolset-7/root/usr --mandir=/opt/rh/devtoolset-7/root/usr/share/man --infodir=/opt/rh/devtoolset-7/root/usr/share/info --with-bugurl=http://bugzilla.redhat.com/bugzilla --enable-shared --enable-threads=posix --enable-checking=release --enable-multilib --with-system-zlib --enable-__cxa_atexit --disable-libunwind-exceptions --enable-gnu-unique-object --enable-linker-build-id --with-gcc-major-version-only --enable-plugin --with-linker-hash-style=gnu --enable-initfini-array --with-default-libstdcxx-abi=gcc4-compatible --with-isl=/builddir/build/BUILD/gcc-7.3.1-20180303/obj-x86_64-redhat-linux/isl-install --enable-libmpx --enable-gnu-indirect-function --with-tune=generic --with-arch_32=i686 --build=x86_64-redhat-linux]
  ignore line: [Thread model: posix]
  ignore line: [gcc version 7.3.1 20180303 (Red Hat 7.3.1-5) (GCC) ]
  ignore line: [COMPILER_PATH=/opt/rh/devtoolset-7/root/usr/libexec/gcc/x86_64-redhat-linux/7/:/opt/rh/devtoolset-7/root/usr/libexec/gcc/x86_64-redhat-linux/7/:/opt/rh/devtoolset-7/root/usr/libexec/gcc/x86_64-redhat-linux/:/opt/rh/devtoolset-7/root/usr/lib/gcc/x86_64-redhat-linux/7/:/opt/rh/devtoolset-7/root/usr/lib/gcc/x86_64-redhat-linux/]
  ignore line: [LIBRARY_PATH=/opt/rh/devtoolset-7/root/usr/lib/gcc/x86_64-redhat-linux/7/:/opt/rh/devtoolset-7/root/usr/lib/gcc/x86_64-redhat-linux/7/../../../../lib64/:/lib/../lib64/:/usr/lib/../lib64/:/opt/rh/devtoolset-7/root/usr/lib/gcc/x86_64-redhat-linux/7/../../../:/lib/:/usr/lib/]
  ignore line: [Reading specs from /opt/rh/devtoolset-7/root/usr/lib/gcc/x86_64-redhat-linux/7/libgomp.spec]
  ignore line: [COLLECT_GCC_OPTIONS='-fopenmp' '-v' '-o' 'cmTC_a2934' '-v' '-shared-libgcc' '-mtune=generic' '-march=x86-64' '-pthread']
  link line: [ /opt/rh/devtoolset-7/root/usr/libexec/gcc/x86_64-redhat-linux/7/collect2 -plugin /opt/rh/devtoolset-7/root/usr/libexec/gcc/x86_64-redhat-linux/7/liblto_plugin.so -plugin-opt=/opt/rh/devtoolset-7/root/usr/libexec/gcc/x86_64-redhat-linux/7/lto-wrapper -plugin-opt=-fresolution=/tmp/cc3I9mPD.res -plugin-opt=-pass-through=-lgcc_s -plugin-opt=-pass-through=-lgcc -plugin-opt=-pass-through=-lpthread -plugin-opt=-pass-through=-lc -plugin-opt=-pass-through=-lgcc_s -plugin-opt=-pass-through=-lgcc --build-id --no-add-needed --eh-frame-hdr --hash-style=gnu -m elf_x86_64 -dynamic-linker /lib64/ld-linux-x86-64.so.2 -o cmTC_a2934 /lib/../lib64/crt1.o /lib/../lib64/crti.o /opt/rh/devtoolset-7/root/usr/lib/gcc/x86_64-redhat-linux/7/crtbegin.o -L/opt/rh/devtoolset-7/root/usr/lib/gcc/x86_64-redhat-linux/7 -L/opt/rh/devtoolset-7/root/usr/lib/gcc/x86_64-redhat-linux/7/../../../../lib64 -L/lib/../lib64 -L/usr/lib/../lib64 -L/opt/rh/devtoolset-7/root/usr/lib/gcc/x86_64-redhat-linux/7/../../.. CMakeFiles/cmTC_a2934.dir/OpenMPTryFlag.cpp.o -lstdc++ -lm -lgomp -lgcc_s -lgcc -lpthread -lc -lgcc_s -lgcc /opt/rh/devtoolset-7/root/usr/lib/gcc/x86_64-redhat-linux/7/crtend.o /lib/../lib64/crtn.o]
    arg [/opt/rh/devtoolset-7/root/usr/libexec/gcc/x86_64-redhat-linux/7/collect2] ==> ignore
    arg [-plugin] ==> ignore
    arg [/opt/rh/devtoolset-7/root/usr/libexec/gcc/x86_64-redhat-linux/7/liblto_plugin.so] ==> ignore
    arg [-plugin-opt=/opt/rh/devtoolset-7/root/usr/libexec/gcc/x86_64-redhat-linux/7/lto-wrapper] ==> ignore
    arg [-plugin-opt=-fresolution=/tmp/cc3I9mPD.res] ==> ignore
    arg [-plugin-opt=-pass-through=-lgcc_s] ==> ignore
    arg [-plugin-opt=-pass-through=-lgcc] ==> ignore
    arg [-plugin-opt=-pass-through=-lpthread] ==> ignore
    arg [-plugin-opt=-pass-through=-lc] ==> ignore
    arg [-plugin-opt=-pass-through=-lgcc_s] ==> ignore
    arg [-plugin-opt=-pass-through=-lgcc] ==> ignore
    arg [--build-id] ==> ignore
    arg [--no-add-needed] ==> ignore
    arg [--eh-frame-hdr] ==> ignore
    arg [--hash-style=gnu] ==> ignore
    arg [-m] ==> ignore
    arg [elf_x86_64] ==> ignore
    arg [-dynamic-linker] ==> ignore
    arg [/lib64/ld-linux-x86-64.so.2] ==> ignore
    arg [-o] ==> ignore
    arg [cmTC_a2934] ==> ignore
    arg [/lib/../lib64/crt1.o] ==> ignore
    arg [/lib/../lib64/crti.o] ==> ignore
    arg [/opt/rh/devtoolset-7/root/usr/lib/gcc/x86_64-redhat-linux/7/crtbegin.o] ==> ignore
    arg [-L/opt/rh/devtoolset-7/root/usr/lib/gcc/x86_64-redhat-linux/7] ==> dir [/opt/rh/devtoolset-7/root/usr/lib/gcc/x86_64-redhat-linux/7]
    arg [-L/opt/rh/devtoolset-7/root/usr/lib/gcc/x86_64-redhat-linux/7/../../../../lib64] ==> dir [/opt/rh/devtoolset-7/root/usr/lib/gcc/x86_64-redhat-linux/7/../../../../lib64]
    arg [-L/lib/../lib64] ==> dir [/lib/../lib64]
    arg [-L/usr/lib/../lib64] ==> dir [/usr/lib/../lib64]
    arg [-L/opt/rh/devtoolset-7/root/usr/lib/gcc/x86_64-redhat-linux/7/../../..] ==> dir [/opt/rh/devtoolset-7/root/usr/lib/gcc/x86_64-redhat-linux/7/../../..]
    arg [CMakeFiles/cmTC_a2934.dir/OpenMPTryFlag.cpp.o] ==> ignore
    arg [-lstdc++] ==> lib [stdc++]
    arg [-lm] ==> lib [m]
    arg [-lgomp] ==> lib [gomp]
    arg [-lgcc_s] ==> lib [gcc_s]
    arg [-lgcc] ==> lib [gcc]
    arg [-lpthread] ==> lib [pthread]
    arg [-lc] ==> lib [c]
    arg [-lgcc_s] ==> lib [gcc_s]
    arg [-lgcc] ==> lib [gcc]
    arg [/opt/rh/devtoolset-7/root/usr/lib/gcc/x86_64-redhat-linux/7/crtend.o] ==> ignore
    arg [/lib/../lib64/crtn.o] ==> ignore
  collapse library dir [/opt/rh/devtoolset-7/root/usr/lib/gcc/x86_64-redhat-linux/7] ==> [/opt/rh/devtoolset-7/root/usr/lib/gcc/x86_64-redhat-linux/7]
  collapse library dir [/opt/rh/devtoolset-7/root/usr/lib/gcc/x86_64-redhat-linux/7/../../../../lib64] ==> [/opt/rh/devtoolset-7/root/usr/lib64]
  collapse library dir [/lib/../lib64] ==> [/lib64]
  collapse library dir [/usr/lib/../lib64] ==> [/usr/lib64]
  collapse library dir [/opt/rh/devtoolset-7/root/usr/lib/gcc/x86_64-redhat-linux/7/../../..] ==> [/opt/rh/devtoolset-7/root/usr/lib]
  implicit libs: [stdc++;m;gomp;gcc_s;gcc;pthread;c;gcc_s;gcc]
  implicit dirs: [/opt/rh/devtoolset-7/root/usr/lib/gcc/x86_64-redhat-linux/7;/opt/rh/devtoolset-7/root/usr/lib64;/lib64;/usr/lib64;/opt/rh/devtoolset-7/root/usr/lib]
  implicit fwks: []


